[debug] [2023-07-21T15:42:32.205Z] ----------------------------------------------------------------------
[debug] [2023-07-21T15:42:32.211Z] Command:       C:\Program Files\nodejs\node.exe C:\Users\Laboratoria\AppData\Roaming\npm\node_modules\firebase-tools\lib\bin\firebase.js init
[debug] [2023-07-21T15:42:32.212Z] CLI Version:   12.4.5
[debug] [2023-07-21T15:42:32.216Z] Platform:      win32
[debug] [2023-07-21T15:42:32.216Z] Node Version:  v18.16.0
[debug] [2023-07-21T15:42:32.239Z] Time:          Fri Jul 21 2023 11:42:32 GMT-0400 (hora estándar de Chile)
[debug] [2023-07-21T15:42:32.240Z] ----------------------------------------------------------------------
[debug] 
[debug] [2023-07-21T15:42:32.266Z] > command requires scopes: ["email","openid","https://www.googleapis.com/auth/cloudplatformprojects.readonly","https://www.googleapis.com/auth/firebase","https://www.googleapis.com/auth/cloud-platform"]
[debug] [2023-07-21T15:42:32.267Z] > authorizing via signed-in user (camilafloresj@gmail.com)
[info] 
     ######## #### ########  ######## ########     ###     ######  ########
     ##        ##  ##     ## ##       ##     ##  ##   ##  ##       ##
     ######    ##  ########  ######   ########  #########  ######  ######
     ##        ##  ##    ##  ##       ##     ## ##     ##       ## ##
     ##       #### ##     ## ######## ########  ##     ##  ######  ########

You're about to initialize a Firebase project in this directory:

  C:\Users\Laboratoria\DEV009-social-network

[info] 
=== Project Setup
[info] 
[info] First, let's associate this project directory with a Firebase project.
[info] You can create multiple project aliases by running firebase use --add, 
[info] but for now we'll just set up a default project.
[info] 
[debug] [2023-07-21T15:46:47.955Z] >>> [apiv2][query] GET https://firebase.googleapis.com/v1beta1/projects pageSize=100
[debug] [2023-07-21T15:46:48.882Z] <<< [apiv2][status] GET https://firebase.googleapis.com/v1beta1/projects 200
[debug] [2023-07-21T15:46:48.882Z] <<< [apiv2][body] GET https://firebase.googleapis.com/v1beta1/projects [omitted]
